android/build/intermediates/manifest_merge_blame_file/debug/manifest-merger-blame-debug-report.txt
1<?xml version="1.0" encoding="utf-8"?>
2<manifest xmlns:android="http://schemas.android.com/apk/res/android"
3    xmlns:tools="http://schemas.android.com/tools"
4    package="com.marf"
5    android:versionCode="1"
6    android:versionName="1.0" >
7
8    <uses-sdk
9        android:minSdkVersion="18"
9-->src\main\AndroidManifest.xml
10        android:targetSdkVersion="26" />
10-->src\main\AndroidManifest.xml
11
12    <uses-permission android:name="android.permission.INTERNET" />
12-->src\main\AndroidManifest.xml:6:5-67
12-->src\main\AndroidManifest.xml:6:22-64
13    <uses-permission android:name="android.permission.ACCESS_NETWORK_STATE" />
13-->src\main\AndroidManifest.xml:7:5-79
13-->src\main\AndroidManifest.xml:7:22-76
14
15    <application>
15-->src\main\AndroidManifest.xml:9:5-306:19
16        <uses-library
16-->src\main\AndroidManifest.xml:10:9-12:40
17            android:name="org.apache.http.legacy"
17-->src\main\AndroidManifest.xml:11:13-50
18            android:required="false" />
18-->src\main\AndroidManifest.xml:12:13-37
19
20        <!--
21        <activity android:name="com.appodeal.ads.InterstitialActivity"
22            android:configChanges="orientation|screenSize"
23            android:theme="@android:style/Theme.NoTitleBar.Fullscreen" />
24        <activity android:name="com.appodeal.ads.VideoActivity"
25            android:configChanges="orientation|screenSize"
26            android:theme="@android:style/Theme.NoTitleBar.Fullscreen" />
27        <activity android:name="com.appodealx.mraid.MraidActivity"
28            android:configChanges="orientation|screenSize"
29            android:theme="@android:style/Theme.NoTitleBar.Fullscreen"/>
30        <activity android:name="com.appodeal.ads.VideoPlayerActivity"
31            android:theme="@android:style/Theme.Black.NoTitleBar.Fullscreen"/>
32        <receiver android:name="com.appodeal.ads.AppodealPackageAddedReceiver" android:exported="true" android:enabled="true">
33            <intent-filter>
34                <action android:name="android.intent.action.PACKAGE_ADDED" />
35                <data android:scheme="package" />
36            </intent-filter>
37        </receiver>
38        <activity android:name="com.appodeal.ads.TestActivity"
39            android:theme="@android:style/Theme.Translucent.NoTitleBar" />
40
41        <meta-data android:name="com.google.android.gms.version" android:value="@integer/google_play_services_version" />
42        <activity android:name="com.google.android.gms.ads.AdActivity"
43            android:configChanges="keyboard|keyboardHidden|orientation|screenLayout|uiMode|screenSize|smallestScreenSize"
44            android:theme="@android:style/Theme.Translucent" />
45
46        <activity android:name="com.appodeal.iab.vast.activity.VastActivity"
47            android:theme="@android:style/Theme.NoTitleBar.Fullscreen"
48            android:configChanges="keyboardHidden|orientation|screenSize"/>
49
50        <activity android:name="com.appodeal.ads.networks.vpaid.VPAIDActivity"
51            android:theme="@android:style/Theme.NoTitleBar.Fullscreen" />
52        -->
53
54
55        <!-- Chartboost -->
56        <!--
57            <activity
58            android:name="com.chartboost.sdk.CBImpressionActivity"
59            android:configChanges="keyboardHidden|orientation|screenSize"
60            android:excludeFromRecents="true"
61            android:hardwareAccelerated="true"
62            android:theme="@android:style/Theme.Translucent.NoTitleBar.Fullscreen" />
63        -->
64        <!-- End Chartboost -->
65
66
67        <!-- Applovin -->
68        <!--
69        <activity
70            android:name="com.applovin.adview.AppLovinInterstitialActivity"
71            android:configChanges="orientation|screenSize"
72            android:hardwareAccelerated="true"
73            android:screenOrientation="behind" /
74        <activity
75            android:name="com.applovin.sdk.AppLovinWebViewActivity"
76            android:configChanges="keyboardHidden|orientation|screenSize" />
77        -->
78        <!-- End Applovin -->
79
80
81        <!-- Mopub -->
82        <!--
83        <activity android:name="com.mopub.common.privacy.ConsentDialogActivity"
84            android:configChanges="keyboardHidden|orientation|screenSize"/>
85        <activity android:name="com.mopub.common.MoPubBrowser"
86            android:configChanges="keyboardHidden|orientation|screenSize"/>
87        <activity android:name="com.mopub.mobileads.MoPubActivity"
88            android:configChanges="keyboardHidden|orientation|screenSize"/>
89        <activity android:name="com.mopub.mobileads.MraidActivity"
90            android:configChanges="keyboardHidden|orientation|screenSize"/>
91        <activity android:name="com.mopub.mobileads.RewardedMraidActivity"
92            android:configChanges="keyboardHidden|orientation|screenSize"/>
93        <activity android:name="com.mopub.mobileads.MraidVideoPlayerActivity"
94            android:configChanges="keyboardHidden|orientation|screenSize"/>
95        -->
96        <!-- End Mopub -->
97
98
99        <!-- Amazon_ads -->
100        <!-- <activity android:name="com.amazon.device.ads.AdActivity" android:configChanges="keyboardHidden|orientation|screenSize"/> -->
101        <!-- End Amazon_ads -->
102
103
104        <!-- Facebook -->
105        <!--
106        <activity
107            android:name="com.facebook.ads.AudienceNetworkActivity"
108            android:configChanges="keyboardHidden|orientation|screenSize"
109            android:exported="false"
110            android:theme="@android:style/Theme.Translucent.NoTitleBar" />
111        <activity
112            android:name="com.facebook.ads.internal.ipc.RemoteANActivity"
113            android:configChanges="keyboardHidden|orientation|screenSize"
114            android:exported="false"
115            android:process=":adnw"
116            android:theme="@android:style/Theme.Translucent.NoTitleBar" />
117
118        <service
119            android:name="com.facebook.ads.internal.ipc.AdsProcessPriorityService"
120            android:exported="false" />
121        <service
122            android:name="com.facebook.ads.internal.ipc.AdsMessengerService"
123            android:exported="false"
124            android:process=":adnw" />
125
126        <provider
127            android:name="com.facebook.ads.AudienceNetworkContentProvider"
128            android:authorities="${applicationId}.AudienceNetworkContentProvider"
129            android:exported="false" />
130        -->
131        <!-- End Facebook -->
132
133
134        <!-- Startapp -->
135        <!-- suppress AndroidDomInspection -->
136        <!--
137        <activity android:name="com.startapp.android.publish.ads.list3d.List3DActivity"
138            android:theme="@android:style/Theme" />
139
140        <activity android:name="com.startapp.android.publish.adsCommon.activities.OverlayActivity"
141            android:theme="@android:style/Theme.Translucent"
142            android:configChanges="orientation|keyboardHidden|screenSize" />
143
144        <activity android:name="com.startapp.android.publish.adsCommon.activities.FullScreenActivity"
145            android:theme="@android:style/Theme"
146            android:configChanges="orientation|keyboardHidden|screenSize" />
147
148        <service android:name="com.startapp.android.publish.common.metaData.PeriodicMetaDataService" />
149        <service android:name="com.startapp.android.publish.common.metaData.InfoEventService" />
150        <service android:name="com.startapp.android.publish.common.metaData.PeriodicJobService"
151            android:permission="android.permission.BIND_JOB_SERVICE" />
152
153        <receiver android:name="com.startapp.android.publish.common.metaData.BootCompleteListener" >
154            <intent-filter>
155                <action android:name="android.intent.action.BOOT_COMPLETED" />
156            </intent-filter>
157        </receiver>
158        -->
159        <!-- End Startapp -->
160
161
162        <!-- Yandex-metrica -->
163        <!--
164        <service
165            android:name="com.yandex.metrica.MetricaService" android:enabled="true"
166            android:exported="true" android:process=":Metrica" tools:ignore="ExportedService" >
167            <intent-filter>
168                <category android:name="android.intent.category.DEFAULT" />
169                <action android:name="com.yandex.metrica.IMetricaService" />
170                <data android:scheme="metrica" />
171            </intent-filter>
172            <meta-data
173                android:name="metrica:api:level"
174                android:value="76" />
175        </service>
176        <service
177            android:name="com.yandex.metrica.ConfigurationService" android:enabled="true"
178            android:exported="false" android:process=":Metrica" tools:ignore="ExportedService" >
179            <meta-data
180                android:name="metrica:configuration:api:level" android:value="3" />
181            <intent-filter>
182                <action android:name="com.yandex.metrica.configuration.ACTION_INIT" />
183            </intent-filter>
184        </service>
185        <service
186            android:name="com.yandex.metrica.ConfigurationJobService" android:enabled="true"
187            android:exported="false"
188            android:permission="android.permission.BIND_JOB_SERVICE"
189            android:process=":Metrica" >
190        </service>
191        <receiver
192            android:name="com.yandex.metrica.MetricaEventHandler" android:enabled="true"
193            android:exported="true" tools:ignore="ExportedReceiver" >
194            <intent-filter>
195                <action android:name="com.android.vending.INSTALL_REFERRER" />
196            </intent-filter>
197        </receiver>
198        -->
199        <!-- End Yandex-metrica -->
200
201
202        <!-- Yandex-mobileads -->
203        <!-- suppress AndroidDomInspection -->
204        <!--
205            <activity android:name="com.yandex.mobile.ads.AdActivity"
206            android:configChanges="keyboard|keyboardHidden|orientation|screenLayout|uiMode|screenSize|smallestScreenSize" />
207        -->
208        <!-- End Yandex-mobileads -->
209
210
211        <!-- Unity_ads -->
212        <!--
213        <activity
214            android:name="com.unity3d.services.ads.adunit.AdUnitActivity"
215            android:configChanges="fontScale|keyboard|keyboardHidden|locale|mnc|mcc|navigation|orientation|screenLayout|screenSize|smallestScreenSize|uiMode|touchscreen"
216            android:hardwareAccelerated="true"
217            android:theme="@android:style/Theme.NoTitleBar.Fullscreen" />
218        <activity
219            android:name="com.unity3d.services.ads.adunit.AdUnitTransparentActivity"
220            android:configChanges="fontScale|keyboard|keyboardHidden|locale|mnc|mcc|navigation|orientation|screenLayout|screenSize|smallestScreenSize|uiMode|touchscreen"
221            android:hardwareAccelerated="true"
222            android:theme="@android:style/Theme.Translucent.NoTitleBar.Fullscreen" />
223        <activity
224            android:name="com.unity3d.services.ads.adunit.AdUnitTransparentSoftwareActivity"
225            android:configChanges="fontScale|keyboard|keyboardHidden|locale|mnc|mcc|navigation|orientation|screenLayout|screenSize|smallestScreenSize|uiMode|touchscreen"
226            android:hardwareAccelerated="false"
227            android:theme="@android:style/Theme.Translucent.NoTitleBar.Fullscreen" />
228        <activity
229            android:name="com.unity3d.services.ads.adunit.AdUnitSoftwareActivity"
230            android:configChanges="fontScale|keyboard|keyboardHidden|locale|mnc|mcc|navigation|orientation|screenLayout|screenSize|smallestScreenSize|uiMode|touchscreen"
231            android:hardwareAccelerated="false"
232            android:theme="@android:style/Theme.NoTitleBar.Fullscreen" />
233        -->
234        <!-- End Unity_ads -->
235
236
237        <!-- Vungle -->
238        <!-- suppress AndroidDomInspection -->
239        <!--
240        <activity
241            android:name="com.vungle.warren.ui.VungleActivity"
242            android:configChanges="keyboardHidden|orientation|screenSize|screenLayout|smallestScreenSize"
243            android:launchMode="singleTop"
244            android:theme="@android:style/Theme.NoTitleBar.Fullscreen" />
245        <activity
246            android:name="com.vungle.warren.ui.VungleWebViewActivity"
247            android:configChanges="keyboardHidden|orientation|screenSize|screenLayout|smallestScreenSize"
248            android:launchMode="singleTop"
249            android:theme="@android:style/Theme.NoTitleBar.Fullscreen" />
250        <activity
251            android:name="com.vungle.warren.ui.VungleFlexViewActivity"
252            android:configChanges="keyboardHidden|orientation|screenSize|screenLayout|smallestScreenSize"
253            android:launchMode="singleTop"
254            android:theme="@android:style/Theme.NoTitleBar.Fullscreen" />
255        -->
256        <!-- End Vungle -->
257
258
259        <!-- Flurry-ads -->
260        <!-- suppress AndroidDomInspection -->
261        <!--
262        <activity android:name="com.flurry.android.FlurryFullscreenTakeoverActivity"
263            android:configChanges="keyboard|keyboardHidden|orientation|screenLayout|uiMode|screenSize|smallestScreenSize">
264        </activity>
265        -->
266        <!-- End Flurry-ads -->
267
268
269        <!-- Mintegral -->
270        <!--
271        <activity
272            android:name="com.mintegral.msdk.activity.MTGCommonActivity"
273            android:configChanges="keyboard|orientation"
274            android:exported="true"
275            android:screenOrientation="portrait"
276            android:theme="@android:style/Theme.Translucent.NoTitleBar" />
277        <receiver android:name="com.mintegral.msdk.click.AppReceiver">
278            <intent-filter>
279                <action android:name="android.intent.action.PACKAGE_ADDED" />
280                <data android:scheme="package" />
281            </intent-filter>
282        </receiver>
283        <service android:name="com.mintegral.msdk.shell.MTGService">
284            <intent-filter>
285                <action android:name="com.mintegral.msdk.download.action" />
286            </intent-filter>
287        </service>
288
289        <activity
290            android:name="com.mintegral.msdk.reward.player.MTGRewardVideoActivity"
291            android:configChanges="orientation|keyboardHidden|screenSize"
292            android:theme="@android:style/Theme.NoTitleBar.Fullscreen" />
293        <activity
294            android:name="com.mintegral.msdk.interstitial.view.MTGInterstitialActivity"
295            android:configChanges="orientation|screenSize"
296            android:screenOrientation="portrait" />
297        -->
298        <!-- End Mintegral -->
299
300
301        <!-- Tapjoy -->
302        <!--
303        <activity
304            android:name="com.tapjoy.TJAdUnitActivity"
305            android:configChanges="orientation|keyboardHidden|screenSize"
306            android:hardwareAccelerated="true"
307            android:theme="@android:style/Theme.Translucent.NoTitleBar.Fullscreen" />
308        <activity
309            android:name="com.tapjoy.TJContentActivity"
310            android:configChanges="orientation|keyboardHidden|screenSize"
311            android:hardwareAccelerated="true"
312            android:theme="@android:style/Theme.Translucent.NoTitleBar" />
313        -->
314        <!-- End Tapjoy -->
315
316
317        <!-- Ironsource -->
318        <!-- suppress AndroidDomInspection -->
319        <!--
320            <activity android:name="com.ironsource.sdk.controller.ControllerActivity" android:configChanges="orientation|screenSize"
321            android:hardwareAccelerated="true" />
322        -->
323        <!-- suppress AndroidDomInspection -->
324        <!--
325            <activity android:name="com.ironsource.sdk.controller.InterstitialActivity" android:configChanges="orientation|screenSize"
326            android:hardwareAccelerated="true" android:theme="@android:style/Theme.Translucent" />
327        -->
328        <!-- suppress AndroidDomInspection -->
329        <!--
330            <activity android:name="com.ironsource.sdk.controller.OpenUrlActivity" android:configChanges="orientation|screenSize"
331            android:hardwareAccelerated="true" android:theme="@android:style/Theme.Translucent" />
332        -->
333        <!-- End Ironsource -->
334
335
336        <!-- Adcolony -->
337        <!--
338            <activity
339            android:name="com.adcolony.sdk.AdColonyInterstitialActivity"
340            android:configChanges="keyboardHidden|orientation|screenSize"
341            android:hardwareAccelerated="true" />
342        -->
343        <!-- End Adcolony -->
344
345
346        <!-- Inmobi -->
347        <!--
348            <activity
349            android:name="com.inmobi.rendering.InMobiAdActivity"
350            android:configChanges="keyboardHidden|orientation|keyboard|smallestScreenSize|screenSize|screenLayout"
351            android:hardwareAccelerated="true"
352            android:resizeableActivity="false"
353            android:theme="@android:style/Theme.NoTitleBar"
354            tools:ignore="UnusedAttribute" />
355        -->
356        <!-- End Inmobi -->
357
358
359        <!-- MyTarget -->
360        <!--
361            <activity
362            android:name="com.my.target.common.MyTargetActivity"
363            android:configChanges="keyboard|keyboardHidden|orientation|screenLayout|uiMode|screenSize|smallestScreenSize" />
364        -->
365        <!-- End MyTarget -->
366
367    </application>
368
369</manifest>